ARM GAS  /tmp/ccJoTXZy.s 			page 1


   1              		.cpu cortex-m4
   2              		.eabi_attribute 27, 1
   3              		.eabi_attribute 28, 1
   4              		.eabi_attribute 20, 1
   5              		.eabi_attribute 21, 1
   6              		.eabi_attribute 23, 3
   7              		.eabi_attribute 24, 1
   8              		.eabi_attribute 25, 1
   9              		.eabi_attribute 26, 1
  10              		.eabi_attribute 30, 1
  11              		.eabi_attribute 34, 1
  12              		.eabi_attribute 18, 4
  13              		.file	"dma.c"
  14              		.text
  15              	.Ltext0:
  16              		.cfi_sections	.debug_frame
  17              		.section	.text.MX_DMA_Init,"ax",%progbits
  18              		.align	1
  19              		.global	MX_DMA_Init
  20              		.syntax unified
  21              		.thumb
  22              		.thumb_func
  23              		.fpu fpv4-sp-d16
  25              	MX_DMA_Init:
  26              	.LFB126:
  27              		.file 1 "Src/dma.c"
   1:Src/dma.c     **** /**
   2:Src/dma.c     ****   ******************************************************************************
   3:Src/dma.c     ****   * File Name          : dma.c
   4:Src/dma.c     ****   * Description        : This file provides code for the configuration
   5:Src/dma.c     ****   *                      of all the requested memory to memory DMA transfers.
   6:Src/dma.c     ****   ******************************************************************************
   7:Src/dma.c     ****   ** This notice applies to any and all portions of this file
   8:Src/dma.c     ****   * that are not between comment pairs USER CODE BEGIN and
   9:Src/dma.c     ****   * USER CODE END. Other portions of this file, whether 
  10:Src/dma.c     ****   * inserted by the user or by software development tools
  11:Src/dma.c     ****   * are owned by their respective copyright owners.
  12:Src/dma.c     ****   *
  13:Src/dma.c     ****   * COPYRIGHT(c) 2018 STMicroelectronics
  14:Src/dma.c     ****   *
  15:Src/dma.c     ****   * Redistribution and use in source and binary forms, with or without modification,
  16:Src/dma.c     ****   * are permitted provided that the following conditions are met:
  17:Src/dma.c     ****   *   1. Redistributions of source code must retain the above copyright notice,
  18:Src/dma.c     ****   *      this list of conditions and the following disclaimer.
  19:Src/dma.c     ****   *   2. Redistributions in binary form must reproduce the above copyright notice,
  20:Src/dma.c     ****   *      this list of conditions and the following disclaimer in the documentation
  21:Src/dma.c     ****   *      and/or other materials provided with the distribution.
  22:Src/dma.c     ****   *   3. Neither the name of STMicroelectronics nor the names of its contributors
  23:Src/dma.c     ****   *      may be used to endorse or promote products derived from this software
  24:Src/dma.c     ****   *      without specific prior written permission.
  25:Src/dma.c     ****   *
  26:Src/dma.c     ****   * THIS SOFTWARE IS PROVIDED BY THE COPYRIGHT HOLDERS AND CONTRIBUTORS "AS IS"
  27:Src/dma.c     ****   * AND ANY EXPRESS OR IMPLIED WARRANTIES, INCLUDING, BUT NOT LIMITED TO, THE
  28:Src/dma.c     ****   * IMPLIED WARRANTIES OF MERCHANTABILITY AND FITNESS FOR A PARTICULAR PURPOSE ARE
  29:Src/dma.c     ****   * DISCLAIMED. IN NO EVENT SHALL THE COPYRIGHT HOLDER OR CONTRIBUTORS BE LIABLE
  30:Src/dma.c     ****   * FOR ANY DIRECT, INDIRECT, INCIDENTAL, SPECIAL, EXEMPLARY, OR CONSEQUENTIAL
  31:Src/dma.c     ****   * DAMAGES (INCLUDING, BUT NOT LIMITED TO, PROCUREMENT OF SUBSTITUTE GOODS OR
ARM GAS  /tmp/ccJoTXZy.s 			page 2


  32:Src/dma.c     ****   * SERVICES; LOSS OF USE, DATA, OR PROFITS; OR BUSINESS INTERRUPTION) HOWEVER
  33:Src/dma.c     ****   * CAUSED AND ON ANY THEORY OF LIABILITY, WHETHER IN CONTRACT, STRICT LIABILITY,
  34:Src/dma.c     ****   * OR TORT (INCLUDING NEGLIGENCE OR OTHERWISE) ARISING IN ANY WAY OUT OF THE USE
  35:Src/dma.c     ****   * OF THIS SOFTWARE, EVEN IF ADVISED OF THE POSSIBILITY OF SUCH DAMAGE.
  36:Src/dma.c     ****   *
  37:Src/dma.c     ****   ******************************************************************************
  38:Src/dma.c     ****   */
  39:Src/dma.c     **** /* Includes ------------------------------------------------------------------*/
  40:Src/dma.c     **** #include "dma.h"
  41:Src/dma.c     **** 
  42:Src/dma.c     **** /* USER CODE BEGIN 0 */
  43:Src/dma.c     **** 
  44:Src/dma.c     **** /* USER CODE END 0 */
  45:Src/dma.c     **** 
  46:Src/dma.c     **** /*----------------------------------------------------------------------------*/
  47:Src/dma.c     **** /* Configure DMA                                                              */
  48:Src/dma.c     **** /*----------------------------------------------------------------------------*/
  49:Src/dma.c     **** 
  50:Src/dma.c     **** /* USER CODE BEGIN 1 */
  51:Src/dma.c     **** 
  52:Src/dma.c     **** /* USER CODE END 1 */
  53:Src/dma.c     **** 
  54:Src/dma.c     **** /** 
  55:Src/dma.c     ****   * Enable DMA controller clock
  56:Src/dma.c     ****   */
  57:Src/dma.c     **** void MX_DMA_Init(void) 
  58:Src/dma.c     **** {
  28              		.loc 1 58 0
  29              		.cfi_startproc
  30              		@ args = 0, pretend = 0, frame = 8
  31              		@ frame_needed = 0, uses_anonymous_args = 0
  32 0000 10B5     		push	{r4, lr}
  33              	.LCFI0:
  34              		.cfi_def_cfa_offset 8
  35              		.cfi_offset 4, -8
  36              		.cfi_offset 14, -4
  37 0002 82B0     		sub	sp, sp, #8
  38              	.LCFI1:
  39              		.cfi_def_cfa_offset 16
  40              	.LBB2:
  59:Src/dma.c     ****   /* DMA controller clock enable */
  60:Src/dma.c     ****   __HAL_RCC_DMA2_CLK_ENABLE();
  41              		.loc 1 60 0
  42 0004 0024     		movs	r4, #0
  43 0006 0194     		str	r4, [sp, #4]
  44 0008 0D4B     		ldr	r3, .L3
  45 000a 1A6B     		ldr	r2, [r3, #48]
  46 000c 42F48002 		orr	r2, r2, #4194304
  47 0010 1A63     		str	r2, [r3, #48]
  48 0012 1B6B     		ldr	r3, [r3, #48]
  49 0014 03F48003 		and	r3, r3, #4194304
  50 0018 0193     		str	r3, [sp, #4]
  51 001a 019B     		ldr	r3, [sp, #4]
  52              	.LBE2:
  61:Src/dma.c     **** 
  62:Src/dma.c     ****   /* DMA interrupt init */
  63:Src/dma.c     ****   /* DMA2_Stream2_IRQn interrupt configuration */
ARM GAS  /tmp/ccJoTXZy.s 			page 3


  64:Src/dma.c     ****   HAL_NVIC_SetPriority(DMA2_Stream2_IRQn, 0, 0);
  53              		.loc 1 64 0
  54 001c 2246     		mov	r2, r4
  55 001e 2146     		mov	r1, r4
  56 0020 3A20     		movs	r0, #58
  57 0022 FFF7FEFF 		bl	HAL_NVIC_SetPriority
  58              	.LVL0:
  65:Src/dma.c     ****   HAL_NVIC_EnableIRQ(DMA2_Stream2_IRQn);
  59              		.loc 1 65 0
  60 0026 3A20     		movs	r0, #58
  61 0028 FFF7FEFF 		bl	HAL_NVIC_EnableIRQ
  62              	.LVL1:
  66:Src/dma.c     ****   /* DMA2_Stream7_IRQn interrupt configuration */
  67:Src/dma.c     ****   HAL_NVIC_SetPriority(DMA2_Stream7_IRQn, 0, 0);
  63              		.loc 1 67 0
  64 002c 2246     		mov	r2, r4
  65 002e 2146     		mov	r1, r4
  66 0030 4620     		movs	r0, #70
  67 0032 FFF7FEFF 		bl	HAL_NVIC_SetPriority
  68              	.LVL2:
  68:Src/dma.c     ****   HAL_NVIC_EnableIRQ(DMA2_Stream7_IRQn);
  69              		.loc 1 68 0
  70 0036 4620     		movs	r0, #70
  71 0038 FFF7FEFF 		bl	HAL_NVIC_EnableIRQ
  72              	.LVL3:
  69:Src/dma.c     **** 
  70:Src/dma.c     **** }
  73              		.loc 1 70 0
  74 003c 02B0     		add	sp, sp, #8
  75              	.LCFI2:
  76              		.cfi_def_cfa_offset 8
  77              		@ sp needed
  78 003e 10BD     		pop	{r4, pc}
  79              	.L4:
  80              		.align	2
  81              	.L3:
  82 0040 00380240 		.word	1073887232
  83              		.cfi_endproc
  84              	.LFE126:
  86              		.text
  87              	.Letext0:
  88              		.file 2 "/usr/bin/gcc-arm-none-eabi-7-2018-q2-update/arm-none-eabi/include/machine/_default_types.
  89              		.file 3 "/usr/bin/gcc-arm-none-eabi-7-2018-q2-update/arm-none-eabi/include/sys/_stdint.h"
  90              		.file 4 "Drivers/CMSIS/Include/core_cm4.h"
  91              		.file 5 "Drivers/CMSIS/Device/ST/STM32F4xx/Include/system_stm32f4xx.h"
  92              		.file 6 "Drivers/CMSIS/Device/ST/STM32F4xx/Include/stm32f405xx.h"
  93              		.file 7 "/usr/bin/gcc-arm-none-eabi-7-2018-q2-update/arm-none-eabi/include/sys/lock.h"
  94              		.file 8 "/usr/bin/gcc-arm-none-eabi-7-2018-q2-update/arm-none-eabi/include/sys/_types.h"
  95              		.file 9 "/usr/bin/gcc-arm-none-eabi-7-2018-q2-update/lib/gcc/arm-none-eabi/7.3.1/include/stddef.h"
  96              		.file 10 "/usr/bin/gcc-arm-none-eabi-7-2018-q2-update/arm-none-eabi/include/sys/reent.h"
  97              		.file 11 "Drivers/STM32F4xx_HAL_Driver/Inc/stm32f4xx_hal_cortex.h"
ARM GAS  /tmp/ccJoTXZy.s 			page 4


DEFINED SYMBOLS
                            *ABS*:0000000000000000 dma.c
     /tmp/ccJoTXZy.s:18     .text.MX_DMA_Init:0000000000000000 $t
     /tmp/ccJoTXZy.s:25     .text.MX_DMA_Init:0000000000000000 MX_DMA_Init
     /tmp/ccJoTXZy.s:82     .text.MX_DMA_Init:0000000000000040 $d

UNDEFINED SYMBOLS
HAL_NVIC_SetPriority
HAL_NVIC_EnableIRQ
